[0.085s] Invoking command in '/home/isami/bumperbot_ws/build/bumperbot_controller': /usr/bin/cmake --build /home/isami/bumperbot_ws/build/bumperbot_controller -- -j3 -l3
[0.176s] -- Found ament_cmake: 1.3.8 (/opt/ros/humble/share/ament_cmake/cmake)
[0.397s] Traceback (most recent call last):
[0.397s]   File "/opt/ros/humble/share/ament_cmake_core/cmake/package_templates/templates_2_cmake.py", line 21, in <module>
[0.397s]     from ament_package.templates import get_environment_hook_template_path
[0.397s] ModuleNotFoundError: No module named 'ament_package'
[0.409s] [31mCMake Error at /opt/ros/humble/share/ament_cmake_core/cmake/ament_cmake_package_templates-extras.cmake:41 (message):
[0.409s]   execute_process(/usr/bin/python3
[0.409s]   /opt/ros/humble/share/ament_cmake_core/cmake/package_templates/templates_2_cmake.py
[0.409s]   /home/isami/bumperbot_ws/build/bumperbot_controller/ament_cmake_package_templates/templates.cmake)
[0.409s]   returned error code 1
[0.409s] Call Stack (most recent call first):
[0.410s]   /opt/ros/humble/share/ament_cmake_core/cmake/ament_cmake_coreConfig.cmake:41 (include)
[0.410s]   /opt/ros/humble/share/ament_cmake/cmake/ament_cmake_export_dependencies-extras.cmake:15 (find_package)
[0.410s]   /opt/ros/humble/share/ament_cmake/cmake/ament_cmakeConfig.cmake:41 (include)
[0.410s]   CMakeLists.txt:4 (find_package)
[0.410s] 
[0.410s] [0m
[0.412s] -- Configuring incomplete, errors occurred!
[0.412s] See also "/home/isami/bumperbot_ws/build/bumperbot_controller/CMakeFiles/CMakeOutput.log".
[0.414s] gmake: *** [Makefile:226: cmake_check_build_system] Error 1
[0.491s] Invoked command in '/home/isami/bumperbot_ws/build/bumperbot_controller' returned '2': /usr/bin/cmake --build /home/isami/bumperbot_ws/build/bumperbot_controller -- -j3 -l3
