[0.133s] Invoking command in '/home/isami/bumperbot_ws/build/bumperbot_description': /usr/bin/cmake --build /home/isami/bumperbot_ws/build/bumperbot_description -- -j3 -l3
[0.237s] -- Found ament_cmake: 1.3.8 (/opt/ros/humble/share/ament_cmake/cmake)
[0.536s] Traceback (most recent call last):
[0.536s]   File "/opt/ros/humble/share/ament_cmake_core/cmake/package_templates/templates_2_cmake.py", line 21, in <module>
[0.537s]     from ament_package.templates import get_environment_hook_template_path
[0.537s] ModuleNotFoundError: No module named 'ament_package'
[0.563s] [31mCMake Error at /opt/ros/humble/share/ament_cmake_core/cmake/ament_cmake_package_templates-extras.cmake:41 (message):
[0.563s]   execute_process(/usr/bin/python3
[0.563s]   /opt/ros/humble/share/ament_cmake_core/cmake/package_templates/templates_2_cmake.py
[0.563s]   /home/isami/bumperbot_ws/build/bumperbot_description/ament_cmake_package_templates/templates.cmake)
[0.563s]   returned error code 1
[0.564s] Call Stack (most recent call first):
[0.564s]   /opt/ros/humble/share/ament_cmake_core/cmake/ament_cmake_coreConfig.cmake:41 (include)
[0.564s]   /opt/ros/humble/share/ament_cmake/cmake/ament_cmake_export_dependencies-extras.cmake:15 (find_package)
[0.564s]   /opt/ros/humble/share/ament_cmake/cmake/ament_cmakeConfig.cmake:41 (include)
[0.564s]   CMakeLists.txt:8 (find_package)
[0.564s] 
[0.564s] [0m
[0.564s] -- Configuring incomplete, errors occurred!
[0.564s] See also "/home/isami/bumperbot_ws/build/bumperbot_description/CMakeFiles/CMakeOutput.log".
[0.568s] gmake: *** [Makefile:226: cmake_check_build_system] Error 1
[0.569s] Invoked command in '/home/isami/bumperbot_ws/build/bumperbot_description' returned '2': /usr/bin/cmake --build /home/isami/bumperbot_ws/build/bumperbot_description -- -j3 -l3
