[0.076s] Invoking command in '/home/isami/bumperbot_ws/build/bumperbot_controller': /usr/bin/cmake --build /home/isami/bumperbot_ws/build/bumperbot_controller -- -j3 -l3
[0.137s] -- Found ament_cmake: 1.3.8 (/opt/ros/humble/share/ament_cmake/cmake)
[0.301s] Traceback (most recent call last):
[0.302s]   File "/opt/ros/humble/share/ament_cmake_core/cmake/package_templates/templates_2_cmake.py", line 21, in <module>
[0.304s]     from ament_package.templates import get_environment_hook_template_path
[0.305s] ModuleNotFoundError: No module named 'ament_package'
[0.323s] -- Configuring incomplete, errors occurred!
[0.324s] See also "/home/isami/bumperbot_ws/build/bumperbot_controller/CMakeFiles/CMakeOutput.log".
[0.327s] [31mCMake Error at /opt/ros/humble/share/ament_cmake_core/cmake/ament_cmake_package_templates-extras.cmake:41 (message):
[0.330s]   execute_process(/usr/bin/python3
[0.331s]   /opt/ros/humble/share/ament_cmake_core/cmake/package_templates/templates_2_cmake.py
[0.331s]   /home/isami/bumperbot_ws/build/bumperbot_controller/ament_cmake_package_templates/templates.cmake)
[0.331s]   returned error code 1
[0.332s] Call Stack (most recent call first):
[0.332s]   /opt/ros/humble/share/ament_cmake_core/cmake/ament_cmake_coreConfig.cmake:41 (include)
[0.332s]   /opt/ros/humble/share/ament_cmake/cmake/ament_cmake_export_dependencies-extras.cmake:15 (find_package)
[0.333s]   /opt/ros/humble/share/ament_cmake/cmake/ament_cmakeConfig.cmake:41 (include)
[0.333s]   CMakeLists.txt:4 (find_package)
[0.333s] 
[0.333s] [0m
[0.334s] gmake: *** [Makefile:226: cmake_check_build_system] Error 1
[0.372s] Invoked command in '/home/isami/bumperbot_ws/build/bumperbot_controller' returned '2': /usr/bin/cmake --build /home/isami/bumperbot_ws/build/bumperbot_controller -- -j3 -l3
