[0.075s] Invoking command in '/home/isami/bumperbot_ws/build/bumperbot_description': /usr/bin/cmake --build /home/isami/bumperbot_ws/build/bumperbot_description -- -j3 -l3
[0.159s] -- Found ament_cmake: 1.3.8 (/opt/ros/humble/share/ament_cmake/cmake)
[0.423s] Traceback (most recent call last):
[0.424s]   File "/opt/ros/humble/share/ament_cmake_core/cmake/package_templates/templates_2_cmake.py", line 21, in <module>
[0.425s]     from ament_package.templates import get_environment_hook_template_path
[0.426s] ModuleNotFoundError: No module named 'ament_package'
[0.428s] [31mCMake Error at /opt/ros/humble/share/ament_cmake_core/cmake/ament_cmake_package_templates-extras.cmake:41 (message):
[0.430s]   execute_process(/usr/bin/python3
[0.431s]   /opt/ros/humble/share/ament_cmake_core/cmake/package_templates/templates_2_cmake.py
[0.432s]   /home/isami/bumperbot_ws/build/bumperbot_description/ament_cmake_package_templates/templates.cmake)
[0.433s]   returned error code 1
[0.434s] Call Stack (most recent call first):
[0.434s]   /opt/ros/humble/share/ament_cmake_core/cmake/ament_cmake_coreConfig.cmake:41 (include)
[0.438s]   /opt/ros/humble/share/ament_cmake/cmake/ament_cmake_export_dependencies-extras.cmake:15 (find_package)
[0.442s]   /opt/ros/humble/share/ament_cmake/cmake/ament_cmakeConfig.cmake:41 (include)
[0.444s]   CMakeLists.txt:8 (find_package)
[0.445s] 
[0.446s] [0m
[0.446s] -- Configuring incomplete, errors occurred!
[0.447s] See also "/home/isami/bumperbot_ws/build/bumperbot_description/CMakeFiles/CMakeOutput.log".
[0.448s] gmake: *** [Makefile:226: cmake_check_build_system] Error 1
[0.450s] Invoked command in '/home/isami/bumperbot_ws/build/bumperbot_description' returned '2': /usr/bin/cmake --build /home/isami/bumperbot_ws/build/bumperbot_description -- -j3 -l3
