[0.179s] Invoking command in '/home/isami/bumperbot_ws/build/bumperbot_controller': /usr/bin/cmake --build /home/isami/bumperbot_ws/build/bumperbot_controller -- -j3 -l3
[0.224s] -- Found ament_cmake: 1.3.8 (/opt/ros/humble/share/ament_cmake/cmake)
[0.498s] -- Found ament_lint_auto: 0.12.10 (/opt/ros/humble/share/ament_lint_auto/cmake)
[0.606s] Error parsing '/home/isami/bumperbot_ws/src/bumperbot_controller/package.xml':
[0.674s] Traceback (most recent call last):
[0.674s]   File "/opt/ros/humble/share/ament_cmake_core/cmake/core/package_xml_2_cmake.py", line 150, in <module>
[0.674s]     main()
[0.674s]   File "/opt/ros/humble/share/ament_cmake_core/cmake/core/package_xml_2_cmake.py", line 53, in main
[0.674s]     raise e
[0.674s]   File "/opt/ros/humble/share/ament_cmake_core/cmake/core/package_xml_2_cmake.py", line 49, in main
[0.676s]     package = parse_package_string(
[0.676s]   File "/usr/lib/python3/dist-packages/catkin_pkg/package.py", line 788, in parse_package_string
[0.680s]     pkg.validate(warnings=warnings)
[0.681s]   File "/usr/lib/python3/dist-packages/catkin_pkg/package.py", line 330, in validate
[0.682s]     raise InvalidPackage('\n'.join(errors), self.filename)
[0.684s] catkin_pkg.package.InvalidPackage: Error(s) in package '/home/isami/bumperbot_ws/src/bumperbot_controller/package.xml':
[0.685s] Package 'bumperbot_controller' must declare at least one maintainer
[0.685s] -- Configuring incomplete, errors occurred!
[0.696s] See also "/home/isami/bumperbot_ws/build/bumperbot_controller/CMakeFiles/CMakeOutput.log".
[0.698s] [31mCMake Error at /opt/ros/humble/share/ament_cmake_core/cmake/core/ament_package_xml.cmake:95 (message):
[0.698s]   execute_process(/usr/bin/python3
[0.698s]   /opt/ros/humble/share/ament_cmake_core/cmake/core/package_xml_2_cmake.py
[0.698s]   /home/isami/bumperbot_ws/src/bumperbot_controller/package.xml
[0.698s]   /home/isami/bumperbot_ws/build/bumperbot_controller/ament_cmake_core/package.cmake)
[0.698s]   returned error code 1
[0.698s] Call Stack (most recent call first):
[0.698s]   /opt/ros/humble/share/ament_cmake_core/cmake/core/ament_package_xml.cmake:49 (_ament_package_xml)
[0.698s]   /opt/ros/humble/share/ament_lint_auto/cmake/ament_lint_auto_find_test_dependencies.cmake:31 (ament_package_xml)
[0.698s]   CMakeLists.txt:19 (ament_lint_auto_find_test_dependencies)
[0.699s] 
[0.699s] [0m
[0.699s] gmake: *** [Makefile:226: cmake_check_build_system] Error 1
[0.811s] Invoked command in '/home/isami/bumperbot_ws/build/bumperbot_controller' returned '2': /usr/bin/cmake --build /home/isami/bumperbot_ws/build/bumperbot_controller -- -j3 -l3
