[0.176s] Invoking command in '/home/isami/bumperbot_ws/build/bumperbot_controller': /usr/bin/cmake --build /home/isami/bumperbot_ws/build/bumperbot_controller -- -j3 -l3
[0.214s] -- Found ament_cmake: 1.3.8 (/opt/ros/humble/share/ament_cmake/cmake)
[0.441s] -- Found ament_lint_auto: 0.12.10 (/opt/ros/humble/share/ament_lint_auto/cmake)
[0.547s] Error parsing '/home/isami/bumperbot_ws/src/bumperbot_controller/package.xml':
[0.679s] Traceback (most recent call last):
[0.679s]   File "/opt/ros/humble/share/ament_cmake_core/cmake/core/package_xml_2_cmake.py", line 150, in <module>
[0.680s]     main()
[0.681s]   File "/opt/ros/humble/share/ament_cmake_core/cmake/core/package_xml_2_cmake.py", line 53, in main
[0.681s]     raise e
[0.681s]   File "/opt/ros/humble/share/ament_cmake_core/cmake/core/package_xml_2_cmake.py", line 49, in main
[0.682s]     package = parse_package_string(
[0.682s]   File "/usr/lib/python3/dist-packages/catkin_pkg/package.py", line 788, in parse_package_string
[0.684s]     pkg.validate(warnings=warnings)
[0.684s]   File "/usr/lib/python3/dist-packages/catkin_pkg/package.py", line 330, in validate
[0.684s]     raise InvalidPackage('\n'.join(errors), self.filename)
[0.685s] catkin_pkg.package.InvalidPackage: Error(s) in package '/home/isami/bumperbot_ws/src/bumperbot_controller/package.xml':
[0.685s] Package 'bumperbot_controller' must declare at least one maintainer
[0.685s] The package node must contain at least one "license" tag
[0.716s] [31mCMake Error at /opt/ros/humble/share/ament_cmake_core/cmake/core/ament_package_xml.cmake:95 (message):
[0.717s]   execute_process(/usr/bin/python3
[0.717s]   /opt/ros/humble/share/ament_cmake_core/cmake/core/package_xml_2_cmake.py
[0.718s]   /home/isami/bumperbot_ws/src/bumperbot_controller/package.xml
[0.721s]   /home/isami/bumperbot_ws/build/bumperbot_controller/ament_cmake_core/package.cmake)
[0.723s]   returned error code 1
[0.725s] Call Stack (most recent call first):
[0.727s]   /opt/ros/humble/share/ament_cmake_core/cmake/core/ament_package_xml.cmake:49 (_ament_package_xml)
[0.729s]   /opt/ros/humble/share/ament_lint_auto/cmake/ament_lint_auto_find_test_dependencies.cmake:31 (ament_package_xml)
[0.731s]   CMakeLists.txt:19 (ament_lint_auto_find_test_dependencies)
[0.734s] 
[0.736s] [0m
[0.739s] -- Configuring incomplete, errors occurred!
[0.742s] See also "/home/isami/bumperbot_ws/build/bumperbot_controller/CMakeFiles/CMakeOutput.log".
[0.746s] gmake: *** [Makefile:226: cmake_check_build_system] Error 1
[0.914s] Invoked command in '/home/isami/bumperbot_ws/build/bumperbot_controller' returned '2': /usr/bin/cmake --build /home/isami/bumperbot_ws/build/bumperbot_controller -- -j3 -l3
